common.Operation processing - 6
common.Operation processing - 7
REMOTE args: []
REMOTE outputs: ['rank_0_id_3']
Is pending - False
- Start task execution -
Task evaluation time: 1.091044396162033e-06
- End task execution -
Check pending actor tasks
common.Operation processing - 2
Send requested rank_0_id_3 id to 0 rank - PROCESSED
common.Operation processing - 6
common.Operation processing - 4
PUT_OWNER rank_0_id_4 id is owned by 2 rank
common.Operation processing - 7
REMOTE args: ['rank_0_id_4']
REMOTE outputs: ['rank_0_id_6']
Request rank_0_id_4 id from 2 worker rank
Is pending - True
common.Operation processing - 2
Pending request rank_0_id_6 id to 0 rank
common.Operation processing - 3
PUT (RECV) rank_0_id_4 id from 2 rank
Check pending tasks
Check pending actor tasks
REMOTE args: ['rank_0_id_4']
REMOTE outputs: ['rank_0_id_6']
Is pending - False
- Start task execution -
Task evaluation time: 1.4333054423332214e-05
- End task execution -
Send requested rank_0_id_6 id to 0 rank - PROCESSED
common.Operation processing - 6
common.Operation processing - 7
REMOTE args: []
REMOTE outputs: ['rank_0_id_12']
Is pending - False
- Start task execution -
Task evaluation time: 8.577480912208557e-07
- End task execution -
Check pending actor tasks
common.Operation processing - 2
Send requested rank_0_id_12 id to 0 rank - PROCESSED
common.Operation processing - 6
common.Operation processing - 7
REMOTE args: []
REMOTE outputs: ['rank_0_id_16']
Is pending - False
- Start task execution -
Task evaluation time: 7.641501724720001e-07
- End task execution -
Check pending actor tasks
common.Operation processing - 2
Send requested rank_0_id_16 id to 0 rank - PROCESSED
common.Operation processing - 6
common.Operation processing - 7
REMOTE args: []
REMOTE outputs: ['rank_2_id_0']
Is pending - False
- Start task execution -
Task evaluation time: 7.851049304008484e-07
- End task execution -
Check pending actor tasks
common.Operation processing - 2
Send requested rank_2_id_0 id to 2 rank - PROCESSED
common.Operation processing - 6
common.Operation processing - 7
REMOTE args: []
REMOTE outputs: ['rank_2_id_1']
Is pending - False
- Start task execution -
Task evaluation time: 7.287599146366119e-07
- End task execution -
Check pending actor tasks
common.Operation processing - 2
Send requested rank_2_id_1 id to 2 rank - PROCESSED
common.Operation processing - 6
common.Operation processing - 7
REMOTE args: []
REMOTE outputs: ['rank_0_id_23']
Is pending - False
- Start task execution -
Task evaluation time: 6.933696568012238e-07
- End task execution -
Check pending actor tasks
common.Operation processing - 2
Send requested rank_0_id_23 id to 0 rank - PROCESSED
common.Operation processing - 1
REMOTE args: []
REMOTE outputs: ['rank_0_id_25']
Is pending - False
- Start task execution -
Task evaluation time: 0.0006418293341994286
- End task execution -
Check pending tasks
common.Operation processing - 2
Send requested rank_0_id_25 id to 0 rank - PROCESSED
common.Operation processing - 1
REMOTE args: []
REMOTE outputs: ['rank_0_id_26']
Is pending - False
- Start task execution -
Task evaluation time: 0.0007013240829110146
- End task execution -
Check pending tasks
common.Operation processing - 2
Send requested rank_0_id_26 id to 0 rank - PROCESSED
common.Operation processing - 6
common.Operation processing - 7
REMOTE args: []
REMOTE outputs: ['rank_0_id_30']
Is pending - False
Check pending actor tasks
- Start task execution -
Task evaluation time: 1.700129359960556e-06
- End task execution -
common.Operation processing - 2
Send requested rank_0_id_30 id to 0 rank - PROCESSED
common.Operation processing - 6
common.Operation processing - 4
PUT_OWNER rank_0_id_31 id is owned by 2 rank
common.Operation processing - 7
REMOTE args: ['rank_0_id_31']
REMOTE outputs: ['rank_0_id_33']
Request rank_0_id_31 id from 2 worker rank
Is pending - True
common.Operation processing - 2
Pending request rank_0_id_33 id to 0 rank
common.Operation processing - 3
PUT (RECV) rank_0_id_31 id from 2 rank
Check pending tasks
Check pending actor tasks
REMOTE args: ['rank_0_id_31']
REMOTE outputs: ['rank_0_id_33']
Is pending - False
- Start task execution -
Task evaluation time: 3.0351802706718445e-06
- End task execution -
Send requested rank_0_id_33 id to 0 rank - PROCESSED
common.Operation processing - 6
common.Operation processing - 7
REMOTE args: []
REMOTE outputs: ['rank_0_id_39']
Is pending - False
Check pending actor tasks
- Start task execution -
Task evaluation time: 1.7960555851459503e-06
- End task execution -
common.Operation processing - 2
Send requested rank_0_id_39 id to 0 rank - PROCESSED
common.Operation processing - 6
common.Operation processing - 7
REMOTE args: []
REMOTE outputs: ['rank_0_id_43']
Is pending - False
Check pending actor tasks
- Start task execution -
Task evaluation time: 1.7760321497917175e-06
- End task execution -
common.Operation processing - 2
Send requested rank_0_id_43 id to 0 rank - PROCESSED
common.Operation processing - 6
common.Operation processing - 7
REMOTE args: []
REMOTE outputs: ['rank_2_id_2']
Is pending - False
Check pending actor tasks
- Start task execution -
Task evaluation time: 1.6689300537109375e-06
- End task execution -
common.Operation processing - 2
Send requested rank_2_id_2 id to 2 rank - PROCESSED
common.Operation processing - 6
common.Operation processing - 7
REMOTE args: []
REMOTE outputs: ['rank_2_id_3']
Is pending - False
Check pending actor tasks
- Start task execution -
Task evaluation time: 1.6880221664905548e-06
- End task execution -
common.Operation processing - 2
Send requested rank_2_id_3 id to 2 rank - PROCESSED
common.Operation processing - 6
common.Operation processing - 7
REMOTE args: []
REMOTE outputs: ['rank_0_id_50']
Is pending - False
Check pending actor tasks
- Start task execution -
Task evaluation time: 1.5213154256343842e-06
- End task execution -
common.Operation processing - 2
Send requested rank_0_id_50 id to 0 rank - PROCESSED
common.Operation processing - 1
REMOTE args: []
REMOTE outputs: ['rank_0_id_52']
Is pending - False
- Start task execution -
Task evaluation time: 5.006451622117311
- End task execution -
Check pending tasks
common.Operation processing - 2
Send requested rank_0_id_52 id to 0 rank - PROCESSED
common.Operation processing - 1
REMOTE args: [None]
REMOTE outputs: ['rank_0_id_55']
Is pending - False
- Start task execution -
Task evaluation time: 0.0013913167640566826
- End task execution -
Check pending tasks
common.Operation processing - 1
REMOTE args: [None]
REMOTE outputs: ['rank_0_id_56']
Is pending - False
- Start task execution -
Task evaluation time: 0.000949472188949585
- End task execution -
Check pending tasks
common.Operation processing - 2
Send requested rank_0_id_55 id to 0 rank - PROCESSED
common.Operation processing - 2
Send requested rank_0_id_56 id to 0 rank - PROCESSED
common.Operation processing - 1
REMOTE args: [None]
REMOTE outputs: ['rank_0_id_58']
Is pending - False
- Start task execution -
Task evaluation time: 6.570480763912201e-07
- End task execution -
Check pending tasks
common.Operation processing - 1
REMOTE args: [None]
REMOTE outputs: ['rank_0_id_61']
Is pending - False
- Start task execution -
Task evaluation time: 6.309710443019867e-07
- End task execution -
Check pending tasks
common.Operation processing - 5
WAIT for rank_0_id_61 id
Wait data rank_0_id_61 id is ready
common.Operation processing - 5
WAIT for rank_0_id_61 id
Wait data rank_0_id_61 id is ready
common.Operation processing - 1
REMOTE args: [None]
REMOTE outputs: ['rank_0_id_63']
Is pending - False
- Start task execution -
Task evaluation time: 9.038485586643219e-07
- End task execution -
Check pending tasks
common.Operation processing - 2
Send requested rank_0_id_63 id to 0 rank - PROCESSED
common.Operation processing - 1
REMOTE args: [None]
REMOTE outputs: ['rank_0_id_69', 'rank_0_id_70']
Is pending - False
- Start task execution -
Task evaluation time: 7.60890543460846e-07
- End task execution -
Check pending tasks
common.Operation processing - 2
Send requested rank_0_id_69 id to 0 rank - PROCESSED
common.Operation processing - 2
Send requested rank_0_id_70 id to 0 rank - PROCESSED
common.Operation processing - 3
PUT (RECV) rank_0_id_73 id from 0 rank
Check pending tasks
Check pending actor tasks
common.Operation processing - 1
REMOTE args: ['rank_0_id_73']
REMOTE outputs: ['rank_0_id_74']
Is pending - False
- Start task execution -
Task evaluation time: 1.1469237506389618e-06
- End task execution -
Check pending tasks
common.Operation processing - 2
Send requested rank_0_id_74 id to 0 rank - PROCESSED
common.Operation processing - 1
REMOTE args: []
REMOTE outputs: [None]
Is pending - False
- Start task execution -
Task evaluation time: 8.870847523212433e-07
- End task execution -
Check pending tasks
common.Operation processing - 1
REMOTE args: []
REMOTE outputs: ['rank_0_id_78']
Is pending - False
- Start task execution -
Task evaluation time: 6.332993507385254e-07
- End task execution -
Check pending tasks
common.Operation processing - 2
Send requested rank_0_id_78 id to 0 rank - PROCESSED
common.Operation processing - 1
REMOTE args: [None]
REMOTE outputs: ['rank_2_id_4']
Is pending - False
- Start task execution -
Task evaluation time: 6.868503987789154e-07
- End task execution -
Check pending tasks
common.Operation processing - 2
Send requested rank_2_id_4 id to 2 rank - PROCESSED
common.Operation processing - 1
REMOTE args: [None]
REMOTE outputs: ['rank_0_id_80']
Is pending - False
- Start task execution -
Task evaluation time: 6.658956408500671e-07
- End task execution -
Check pending tasks
common.Operation processing - 2
Send requested rank_0_id_80 id to 0 rank - PROCESSED
common.Operation processing - 11
Exit worker event loop
common.Operation processing - 1
REMOTE args: [None]
REMOTE outputs: ['rank_0_id_1']
Is pending - False
- Start task execution -
Task evaluation time: 8.470378816127777e-07
- End task execution -
Check pending tasks
common.Operation processing - 1
REMOTE args: [None]
REMOTE outputs: ['rank_0_id_4']
Is pending - False
- Start task execution -
Task evaluation time: 7.557682693004608e-07
- End task execution -
Check pending tasks
common.Operation processing - 5
WAIT for rank_0_id_4 id
Wait data rank_0_id_4 id is ready
common.Operation processing - 5
WAIT for rank_0_id_4 id
Wait data rank_0_id_4 id is ready
common.Operation processing - 11
Exit worker event loop
common.Operation processing - 3
PUT (RECV) rank_0_id_1 id from 0 rank
Check pending tasks
Check pending actor tasks
common.Operation processing - 1
REMOTE args: ['rank_0_id_1']
REMOTE outputs: ['rank_0_id_2']
Is pending - False
- Start task execution -
Task evaluation time: 1.0356307029724121e-06
- End task execution -
Check pending tasks
common.Operation processing - 1
REMOTE args: ['rank_0_id_1']
REMOTE outputs: ['rank_0_id_3']
Is pending - False
- Start task execution -
Task evaluation time: 7.511116564273834e-07
- End task execution -
Check pending tasks
common.Operation processing - 1
REMOTE args: ['rank_0_id_1']
REMOTE outputs: ['rank_0_id_4']
Is pending - False
- Start task execution -
Task evaluation time: 6.472691893577576e-07
- End task execution -
Check pending tasks
common.Operation processing - 1
REMOTE args: ['rank_0_id_1']
REMOTE outputs: ['rank_0_id_5']
Is pending - False
- Start task execution -
Task evaluation time: 6.700865924358368e-07
- End task execution -
Check pending tasks
common.Operation processing - 2
Send requested rank_0_id_2 id to 0 rank - PROCESSED
common.Operation processing - 2
Send requested rank_0_id_3 id to 0 rank - PROCESSED
common.Operation processing - 2
Send requested rank_0_id_4 id to 0 rank - PROCESSED
common.Operation processing - 2
Send requested rank_0_id_5 id to 0 rank - PROCESSED
common.Operation processing - 1
REMOTE args: [None]
REMOTE outputs: ['rank_0_id_8', 'rank_0_id_9']
Is pending - False
- Start task execution -
Task evaluation time: 7.417984306812286e-07
- End task execution -
Check pending tasks
common.Operation processing - 2
Send requested rank_0_id_8 id to 0 rank - PROCESSED
common.Operation processing - 2
Send requested rank_0_id_9 id to 0 rank - PROCESSED
common.Operation processing - 1
REMOTE args: []
REMOTE outputs: ['rank_0_id_12']
Is pending - False
- Start task execution -
Task evaluation time: 3.003110804129392
- End task execution -
Check pending tasks
common.Operation processing - 1
REMOTE args: ['rank_0_id_12']
REMOTE outputs: ['rank_0_id_13']
Is pending - False
- Start task execution -
Task evaluation time: 9.457580745220184e-07
- End task execution -
Check pending tasks
common.Operation processing - 2
Send requested rank_0_id_13 id to 0 rank - PROCESSED
common.Operation processing - 1
REMOTE args: [None]
REMOTE outputs: ['rank_0_id_14']
Is pending - False
- Start task execution -
Exception - division by zero
Check pending tasks
common.Operation processing - 2
Send requested rank_0_id_14 id to 0 rank - PROCESSED
common.Operation processing - 1
REMOTE args: [None]
REMOTE outputs: ['rank_0_id_16']
Is pending - False
- Start task execution -
Task evaluation time: 0.0009354320354759693
- End task execution -
Check pending tasks
common.Operation processing - 2
Send requested rank_0_id_16 id to 0 rank - PROCESSED
common.Operation processing - 1
REMOTE args: [None]
REMOTE outputs: ['rank_0_id_18']
Is pending - False
- Start task execution -
Task evaluation time: 7.59027898311615e-07
- End task execution -
Check pending tasks
common.Operation processing - 2
Send requested rank_0_id_18 id to 0 rank - PROCESSED
common.Operation processing - 11
Exit worker event loop
common.Operation processing - 6
common.Operation processing - 7
REMOTE args: []
REMOTE outputs: ['rank_0_id_3']
Is pending - False
- Start task execution -
Task evaluation time: 1.2302771210670471e-06
- End task execution -
Check pending actor tasks
common.Operation processing - 2
Send requested rank_0_id_3 id to 0 rank - PROCESSED
common.Operation processing - 6
common.Operation processing - 4
PUT_OWNER rank_0_id_4 id is owned by 2 rank
common.Operation processing - 7
REMOTE args: ['rank_0_id_4']
REMOTE outputs: ['rank_0_id_6']
Request rank_0_id_4 id from 2 worker rank
Is pending - True
common.Operation processing - 2
Pending request rank_0_id_6 id to 0 rank
common.Operation processing - 3
PUT (RECV) rank_0_id_4 id from 2 rank
Check pending tasks
Check pending actor tasks
REMOTE args: ['rank_0_id_4']
REMOTE outputs: ['rank_0_id_6']
Is pending - False
- Start task execution -
Task evaluation time: 1.7071142792701721e-06
- End task execution -
Send requested rank_0_id_6 id to 0 rank - PROCESSED
common.Operation processing - 6
common.Operation processing - 7
REMOTE args: []
REMOTE outputs: ['rank_0_id_12']
Is pending - False
- Start task execution -
Task evaluation time: 8.279457688331604e-07
- End task execution -
Check pending actor tasks
common.Operation processing - 2
Send requested rank_0_id_12 id to 0 rank - PROCESSED
common.Operation processing - 6
common.Operation processing - 7
REMOTE args: []
REMOTE outputs: ['rank_0_id_16']
Is pending - False
- Start task execution -
Task evaluation time: 7.9302117228508e-07
- End task execution -
Check pending actor tasks
common.Operation processing - 2
Send requested rank_0_id_16 id to 0 rank - PROCESSED
common.Operation processing - 6
common.Operation processing - 7
REMOTE args: []
REMOTE outputs: ['rank_2_id_0']
Is pending - False
- Start task execution -
Task evaluation time: 7.9302117228508e-07
- End task execution -
Check pending actor tasks
common.Operation processing - 2
Send requested rank_2_id_0 id to 2 rank - PROCESSED
common.Operation processing - 6
common.Operation processing - 7
REMOTE args: []
REMOTE outputs: ['rank_2_id_1']
Is pending - False
- Start task execution -
Task evaluation time: 8.540228009223938e-07
- End task execution -
Check pending actor tasks
common.Operation processing - 2
Send requested rank_2_id_1 id to 2 rank - PROCESSED
common.Operation processing - 6
common.Operation processing - 7
REMOTE args: []
REMOTE outputs: ['rank_0_id_23']
Is pending - False
- Start task execution -
Task evaluation time: 7.627531886100769e-07
- End task execution -
Check pending actor tasks
common.Operation processing - 2
Send requested rank_0_id_23 id to 0 rank - PROCESSED
common.Operation processing - 1
REMOTE args: []
REMOTE outputs: ['rank_0_id_25']
Is pending - False
- Start task execution -
Task evaluation time: 0.0005705156363546848
- End task execution -
Check pending tasks
common.Operation processing - 2
Send requested rank_0_id_25 id to 0 rank - PROCESSED
common.Operation processing - 1
REMOTE args: []
REMOTE outputs: ['rank_0_id_26']
Is pending - False
- Start task execution -
Task evaluation time: 0.0007081101648509502
- End task execution -
Check pending tasks
common.Operation processing - 2
Send requested rank_0_id_26 id to 0 rank - PROCESSED
common.Operation processing - 6
common.Operation processing - 7
REMOTE args: []
REMOTE outputs: ['rank_0_id_30']
Is pending - False
Check pending actor tasks
- Start task execution -
Task evaluation time: 1.7923302948474884e-06
- End task execution -
common.Operation processing - 2
Send requested rank_0_id_30 id to 0 rank - PROCESSED
common.Operation processing - 6
common.Operation processing - 4
PUT_OWNER rank_0_id_31 id is owned by 2 rank
common.Operation processing - 7
REMOTE args: ['rank_0_id_31']
REMOTE outputs: ['rank_0_id_33']
Request rank_0_id_31 id from 2 worker rank
Is pending - True
common.Operation processing - 2
Pending request rank_0_id_33 id to 0 rank
common.Operation processing - 3
PUT (RECV) rank_0_id_31 id from 2 rank
Check pending tasks
Check pending actor tasks
REMOTE args: ['rank_0_id_31']
REMOTE outputs: ['rank_0_id_33']
Is pending - False
- Start task execution -
Task evaluation time: 2.522021532058716e-06
- End task execution -
Send requested rank_0_id_33 id to 0 rank - PROCESSED
common.Operation processing - 6
common.Operation processing - 7
REMOTE args: []
REMOTE outputs: ['rank_0_id_39']
Is pending - False
Check pending actor tasks
- Start task execution -
Task evaluation time: 1.8463470041751862e-06
- End task execution -
common.Operation processing - 2
Send requested rank_0_id_39 id to 0 rank - PROCESSED
common.Operation processing - 6
common.Operation processing - 7
REMOTE args: []
REMOTE outputs: ['rank_0_id_43']
Is pending - False
Check pending actor tasks
- Start task execution -
Task evaluation time: 1.8528662621974945e-06
- End task execution -
common.Operation processing - 2
Send requested rank_0_id_43 id to 0 rank - PROCESSED
common.Operation processing - 6
common.Operation processing - 7
REMOTE args: []
REMOTE outputs: ['rank_2_id_2']
Is pending - False
Check pending actor tasks
- Start task execution -
Task evaluation time: 2.5150366127490997e-06
- End task execution -
common.Operation processing - 2
Send requested rank_2_id_2 id to 2 rank - PROCESSED
common.Operation processing - 6
common.Operation processing - 7
REMOTE args: []
REMOTE outputs: ['rank_2_id_3']
Is pending - False
Check pending actor tasks
- Start task execution -
Task evaluation time: 2.5480985641479492e-06
- End task execution -
common.Operation processing - 2
Send requested rank_2_id_3 id to 2 rank - PROCESSED
common.Operation processing - 6
common.Operation processing - 7
REMOTE args: []
REMOTE outputs: ['rank_0_id_50']
Is pending - False
Check pending actor tasks
- Start task execution -
Task evaluation time: 2.3460015654563904e-06
- End task execution -
common.Operation processing - 2
Send requested rank_0_id_50 id to 0 rank - PROCESSED
common.Operation processing - 1
REMOTE args: []
REMOTE outputs: ['rank_0_id_52']
Is pending - False
- Start task execution -
Task evaluation time: 5.0064789592288435
- End task execution -
Check pending tasks
common.Operation processing - 2
Send requested rank_0_id_52 id to 0 rank - PROCESSED
common.Operation processing - 1
REMOTE args: [None]
REMOTE outputs: ['rank_0_id_55']
Is pending - False
- Start task execution -
Task evaluation time: 0.001236163079738617
- End task execution -
Check pending tasks
common.Operation processing - 1
REMOTE args: [None]
REMOTE outputs: ['rank_0_id_56']
Is pending - False
- Start task execution -
Task evaluation time: 0.0010133758187294006
- End task execution -
Check pending tasks
common.Operation processing - 2
Send requested rank_0_id_55 id to 0 rank - PROCESSED
common.Operation processing - 2
Send requested rank_0_id_56 id to 0 rank - PROCESSED
common.Operation processing - 1
REMOTE args: [None]
REMOTE outputs: ['rank_0_id_58']
Is pending - False
- Start task execution -
Task evaluation time: 7.059425115585327e-07
- End task execution -
Check pending tasks
common.Operation processing - 1
REMOTE args: [None]
REMOTE outputs: ['rank_0_id_61']
Is pending - False
- Start task execution -
Task evaluation time: 7.580965757369995e-07
- End task execution -
Check pending tasks
common.Operation processing - 5
WAIT for rank_0_id_61 id
Wait data rank_0_id_61 id is ready
common.Operation processing - 5
WAIT for rank_0_id_61 id
Wait data rank_0_id_61 id is ready
common.Operation processing - 1
REMOTE args: [None]
REMOTE outputs: ['rank_0_id_63']
Is pending - False
- Start task execution -
Task evaluation time: 8.381903171539307e-07
- End task execution -
Check pending tasks
common.Operation processing - 2
Send requested rank_0_id_63 id to 0 rank - PROCESSED
common.Operation processing - 1
REMOTE args: [None]
REMOTE outputs: ['rank_0_id_69', 'rank_0_id_70']
Is pending - False
- Start task execution -
Task evaluation time: 7.436610758304596e-07
- End task execution -
Check pending tasks
common.Operation processing - 2
Send requested rank_0_id_69 id to 0 rank - PROCESSED
common.Operation processing - 2
Send requested rank_0_id_70 id to 0 rank - PROCESSED
common.Operation processing - 3
PUT (RECV) rank_0_id_73 id from 0 rank
Check pending tasks
Check pending actor tasks
common.Operation processing - 1
REMOTE args: ['rank_0_id_73']
REMOTE outputs: ['rank_0_id_74']
Is pending - False
- Start task execution -
Task evaluation time: 2.328772097826004e-06
- End task execution -
Check pending tasks
common.Operation processing - 2
Send requested rank_0_id_74 id to 0 rank - PROCESSED
common.Operation processing - 1
REMOTE args: []
REMOTE outputs: [None]
Is pending - False
- Start task execution -
Task evaluation time: 9.220093488693237e-07
- End task execution -
Check pending tasks
common.Operation processing - 1
REMOTE args: []
REMOTE outputs: ['rank_0_id_78']
Is pending - False
- Start task execution -
Task evaluation time: 6.416812539100647e-07
- End task execution -
Check pending tasks
common.Operation processing - 2
Send requested rank_0_id_78 id to 0 rank - PROCESSED
common.Operation processing - 1
REMOTE args: [None]
REMOTE outputs: ['rank_2_id_4']
Is pending - False
- Start task execution -
Task evaluation time: 7.711350917816162e-07
- End task execution -
Check pending tasks
common.Operation processing - 2
Send requested rank_2_id_4 id to 2 rank - PROCESSED
common.Operation processing - 1
REMOTE args: [None]
REMOTE outputs: ['rank_0_id_80']
Is pending - False
- Start task execution -
Task evaluation time: 6.752088665962219e-07
- End task execution -
Check pending tasks
common.Operation processing - 2
Send requested rank_0_id_80 id to 0 rank - PROCESSED
common.Operation processing - 11
Exit worker event loop
